AH00558: apache2: Could not reliably determine the server's fully qualified domain name, using 172.18.0.3. Set the 'ServerName' directive globally to suppress this message
[Sat Feb 18 10:21:40.455945 2023] [mpm_prefork:notice] [pid 1] AH00163: Apache/2.4.54 (Debian) PHP/8.1.16 OpenSSL/1.1.1n configured -- resuming normal operations
[Sat Feb 18 10:21:40.456093 2023] [core:notice] [pid 1] AH00094: Command line: 'apache2 -D FOREGROUND'
[Sat Feb 18 10:24:58.035035 2023] [mpm_prefork:notice] [pid 1] AH00170: caught SIGWINCH, shutting down gracefully
AH00558: apache2: Could not reliably determine the server's fully qualified domain name, using 172.18.0.4. Set the 'ServerName' directive globally to suppress this message
[Sat Feb 18 10:27:30.436775 2023] [mpm_prefork:notice] [pid 1] AH00163: Apache/2.4.54 (Debian) PHP/8.1.16 OpenSSL/1.1.1n configured -- resuming normal operations
[Sat Feb 18 10:27:30.437786 2023] [core:notice] [pid 1] AH00094: Command line: 'apache2 -D FOREGROUND'
[Sat Feb 18 10:28:27.021868 2023] [mpm_prefork:notice] [pid 1] AH00170: caught SIGWINCH, shutting down gracefully
AH00558: apache2: Could not reliably determine the server's fully qualified domain name, using 172.18.0.4. Set the 'ServerName' directive globally to suppress this message
[Sat Feb 18 10:32:26.668751 2023] [mpm_prefork:notice] [pid 1] AH00163: Apache/2.4.54 (Debian) PHP/8.1.16 OpenSSL/1.1.1n configured -- resuming normal operations
[Sat Feb 18 10:32:26.669254 2023] [core:notice] [pid 1] AH00094: Command line: 'apache2 -D FOREGROUND'
[Sat Feb 18 10:38:09.547170 2023] [mpm_prefork:notice] [pid 1] AH00170: caught SIGWINCH, shutting down gracefully
AH00558: apache2: Could not reliably determine the server's fully qualified domain name, using 172.18.0.3. Set the 'ServerName' directive globally to suppress this message
[Sat Feb 18 10:38:27.327566 2023] [mpm_prefork:notice] [pid 1] AH00163: Apache/2.4.54 (Debian) PHP/8.1.16 OpenSSL/1.1.1n configured -- resuming normal operations
[Sat Feb 18 10:38:27.327774 2023] [core:notice] [pid 1] AH00094: Command line: 'apache2 -D FOREGROUND'
[Sat Feb 18 10:56:25.627560 2023] [mpm_prefork:notice] [pid 1] AH00170: caught SIGWINCH, shutting down gracefully
AH00558: apache2: Could not reliably determine the server's fully qualified domain name, using 172.18.0.3. Set the 'ServerName' directive globally to suppress this message
[Thu Mar 02 20:31:35.821346 2023] [mpm_prefork:notice] [pid 1] AH00163: Apache/2.4.54 (Debian) PHP/8.1.16 OpenSSL/1.1.1n configured -- resuming normal operations
[Thu Mar 02 20:31:35.821601 2023] [core:notice] [pid 1] AH00094: Command line: 'apache2 -D FOREGROUND'
[Thu Mar 02 20:41:56.111574 2023] [mpm_prefork:notice] [pid 1] AH00170: caught SIGWINCH, shutting down gracefully
AH00558: apache2: Could not reliably determine the server's fully qualified domain name, using 172.18.0.3. Set the 'ServerName' directive globally to suppress this message
[Thu Mar 02 20:42:24.431555 2023] [mpm_prefork:notice] [pid 1] AH00163: Apache/2.4.54 (Debian) PHP/8.1.16 OpenSSL/1.1.1n configured -- resuming normal operations
[Thu Mar 02 20:42:24.435857 2023] [core:notice] [pid 1] AH00094: Command line: 'apache2 -D FOREGROUND'
[Thu Mar 02 20:42:50.454480 2023] [mpm_prefork:notice] [pid 1] AH00170: caught SIGWINCH, shutting down gracefully
AH00558: apache2: Could not reliably determine the server's fully qualified domain name, using 172.18.0.3. Set the 'ServerName' directive globally to suppress this message
[Fri Mar 03 18:31:49.453710 2023] [mpm_prefork:notice] [pid 1] AH00163: Apache/2.4.54 (Debian) PHP/8.1.16 OpenSSL/1.1.1n configured -- resuming normal operations
[Fri Mar 03 18:31:49.453806 2023] [core:notice] [pid 1] AH00094: Command line: 'apache2 -D FOREGROUND'
AH00558: apache2: Could not reliably determine the server's fully qualified domain name, using 172.18.0.3. Set the 'ServerName' directive globally to suppress this message
[Sat Mar 11 11:12:53.258687 2023] [mpm_prefork:notice] [pid 1] AH00163: Apache/2.4.54 (Debian) PHP/8.1.16 OpenSSL/1.1.1n configured -- resuming normal operations
[Sat Mar 11 11:12:53.260083 2023] [core:notice] [pid 1] AH00094: Command line: 'apache2 -D FOREGROUND'
[Sat Mar 11 12:58:39.342440 2023] [mpm_prefork:notice] [pid 1] AH00170: caught SIGWINCH, shutting down gracefully
